{"/Users/ramasrinivas/Documents/springboard/rentMySpace/rs_backend/app.js": {"path":"/Users/ramasrinivas/Documents/springboard/rentMySpace/rs_backend/app.js","statementMap":{"0":{"start":{"line":5,"column":16},"end":{"line":5,"column":34}},"1":{"start":{"line":6,"column":19},"end":{"line":6,"column":48}},"2":{"start":{"line":7,"column":13},"end":{"line":7,"column":28}},"3":{"start":{"line":9,"column":26},"end":{"line":9,"column":51}},"4":{"start":{"line":11,"column":28},"end":{"line":11,"column":56}},"5":{"start":{"line":12,"column":19},"end":{"line":12,"column":43}},"6":{"start":{"line":13,"column":23},"end":{"line":13,"column":53}},"7":{"start":{"line":14,"column":22},"end":{"line":14,"column":49}},"8":{"start":{"line":15,"column":21},"end":{"line":15,"column":47}},"9":{"start":{"line":16,"column":20},"end":{"line":16,"column":45}},"10":{"start":{"line":19,"column":15},"end":{"line":19,"column":32}},"11":{"start":{"line":21,"column":12},"end":{"line":21,"column":21}},"12":{"start":{"line":23,"column":0},"end":{"line":23,"column":16}},"13":{"start":{"line":24,"column":0},"end":{"line":24,"column":24}},"14":{"start":{"line":25,"column":0},"end":{"line":25,"column":24}},"15":{"start":{"line":26,"column":0},"end":{"line":26,"column":22}},"16":{"start":{"line":29,"column":0},"end":{"line":29,"column":34}},"17":{"start":{"line":30,"column":0},"end":{"line":30,"column":45}},"18":{"start":{"line":32,"column":0},"end":{"line":32,"column":25}},"19":{"start":{"line":33,"column":0},"end":{"line":33,"column":29}},"20":{"start":{"line":34,"column":0},"end":{"line":34,"column":34}},"21":{"start":{"line":35,"column":0},"end":{"line":35,"column":31}},"22":{"start":{"line":36,"column":0},"end":{"line":36,"column":37}},"23":{"start":{"line":37,"column":0},"end":{"line":37,"column":33}},"24":{"start":{"line":41,"column":0},"end":{"line":43,"column":3}},"25":{"start":{"line":42,"column":2},"end":{"line":42,"column":35}},"26":{"start":{"line":46,"column":0},"end":{"line":56,"column":3}},"27":{"start":{"line":47,"column":2},"end":{"line":47,"column":64}},"28":{"start":{"line":47,"column":39},"end":{"line":47,"column":64}},"29":{"start":{"line":48,"column":17},"end":{"line":48,"column":34}},"30":{"start":{"line":49,"column":18},"end":{"line":49,"column":29}},"31":{"start":{"line":50,"column":2},"end":{"line":50,"column":36}},"32":{"start":{"line":51,"column":2},"end":{"line":51,"column":33}},"33":{"start":{"line":53,"column":2},"end":{"line":55,"column":5}},"34":{"start":{"line":58,"column":0},"end":{"line":58,"column":21}}},"fnMap":{"0":{"name":"(anonymous_0)","decl":{"start":{"line":41,"column":8},"end":{"line":41,"column":9}},"loc":{"start":{"line":41,"column":34},"end":{"line":43,"column":1}},"line":41},"1":{"name":"(anonymous_1)","decl":{"start":{"line":46,"column":8},"end":{"line":46,"column":9}},"loc":{"start":{"line":46,"column":39},"end":{"line":56,"column":1}},"line":46}},"branchMap":{"0":{"loc":{"start":{"line":47,"column":2},"end":{"line":47,"column":64}},"type":"if","locations":[{"start":{"line":47,"column":2},"end":{"line":47,"column":64}},{"start":{},"end":{}}],"line":47},"1":{"loc":{"start":{"line":48,"column":17},"end":{"line":48,"column":34}},"type":"binary-expr","locations":[{"start":{"line":48,"column":17},"end":{"line":48,"column":27}},{"start":{"line":48,"column":31},"end":{"line":48,"column":34}}],"line":48}},"s":{"0":4,"1":4,"2":4,"3":4,"4":4,"5":4,"6":4,"7":4,"8":4,"9":4,"10":4,"11":4,"12":4,"13":4,"14":4,"15":4,"16":4,"17":4,"18":4,"19":4,"20":4,"21":4,"22":4,"23":4,"24":4,"25":2,"26":4,"27":8,"28":0,"29":8,"30":8,"31":8,"32":8,"33":8,"34":4},"f":{"0":2,"1":8},"b":{"0":[0,8],"1":[8,1]},"_coverageSchema":"1a1c01bbd47fc00a2c39e90264f33305004495a9","hash":"1628dafa3503338c0c405949a008f91e78a9f50e"}
,"/Users/ramasrinivas/Documents/springboard/rentMySpace/rs_backend/config.js": {"path":"/Users/ramasrinivas/Documents/springboard/rentMySpace/rs_backend/config.js","statementMap":{"0":{"start":{"line":5,"column":0},"end":{"line":5,"column":27}},"1":{"start":{"line":6,"column":0},"end":{"line":6,"column":18}},"2":{"start":{"line":8,"column":19},"end":{"line":8,"column":57}},"3":{"start":{"line":10,"column":13},"end":{"line":10,"column":38}},"4":{"start":{"line":14,"column":2},"end":{"line":16,"column":45}},"5":{"start":{"line":22,"column":27},"end":{"line":22,"column":67}},"6":{"start":{"line":24,"column":0},"end":{"line":24,"column":41}},"7":{"start":{"line":25,"column":0},"end":{"line":25,"column":46}},"8":{"start":{"line":26,"column":0},"end":{"line":26,"column":45}},"9":{"start":{"line":27,"column":0},"end":{"line":27,"column":61}},"10":{"start":{"line":28,"column":0},"end":{"line":28,"column":50}},"11":{"start":{"line":29,"column":0},"end":{"line":29,"column":19}},"12":{"start":{"line":31,"column":0},"end":{"line":36,"column":2}}},"fnMap":{"0":{"name":"getDatabaseUri","decl":{"start":{"line":13,"column":9},"end":{"line":13,"column":23}},"loc":{"start":{"line":13,"column":26},"end":{"line":17,"column":1}},"line":13}},"branchMap":{"0":{"loc":{"start":{"line":8,"column":19},"end":{"line":8,"column":57}},"type":"binary-expr","locations":[{"start":{"line":8,"column":19},"end":{"line":8,"column":41}},{"start":{"line":8,"column":45},"end":{"line":8,"column":57}}],"line":8},"1":{"loc":{"start":{"line":10,"column":13},"end":{"line":10,"column":38}},"type":"binary-expr","locations":[{"start":{"line":10,"column":13},"end":{"line":10,"column":30}},{"start":{"line":10,"column":34},"end":{"line":10,"column":38}}],"line":10},"2":{"loc":{"start":{"line":14,"column":9},"end":{"line":16,"column":44}},"type":"cond-expr","locations":[{"start":{"line":15,"column":8},"end":{"line":15,"column":21}},{"start":{"line":16,"column":8},"end":{"line":16,"column":44}}],"line":14},"3":{"loc":{"start":{"line":16,"column":8},"end":{"line":16,"column":44}},"type":"binary-expr","locations":[{"start":{"line":16,"column":8},"end":{"line":16,"column":32}},{"start":{"line":16,"column":36},"end":{"line":16,"column":44}}],"line":16},"4":{"loc":{"start":{"line":22,"column":27},"end":{"line":22,"column":67}},"type":"cond-expr","locations":[{"start":{"line":22,"column":61},"end":{"line":22,"column":62}},{"start":{"line":22,"column":65},"end":{"line":22,"column":67}}],"line":22}},"s":{"0":4,"1":4,"2":4,"3":4,"4":8,"5":4,"6":4,"7":4,"8":4,"9":4,"10":4,"11":4,"12":4},"f":{"0":8},"b":{"0":[4,4],"1":[4,4],"2":[8,0],"3":[0,0],"4":[4,0]},"_coverageSchema":"1a1c01bbd47fc00a2c39e90264f33305004495a9","hash":"ce7d14f2265ff6e8840b89cf0c54d3cecfde3051"}
,"/Users/ramasrinivas/Documents/springboard/rentMySpace/rs_backend/db.js": {"path":"/Users/ramasrinivas/Documents/springboard/rentMySpace/rs_backend/db.js","statementMap":{"0":{"start":{"line":3,"column":19},"end":{"line":3,"column":32}},"1":{"start":{"line":4,"column":27},"end":{"line":4,"column":46}},"2":{"start":{"line":8,"column":0},"end":{"line":19,"column":1}},"3":{"start":{"line":9,"column":2},"end":{"line":14,"column":5}},"4":{"start":{"line":16,"column":2},"end":{"line":18,"column":5}},"5":{"start":{"line":21,"column":0},"end":{"line":21,"column":13}},"6":{"start":{"line":23,"column":0},"end":{"line":23,"column":20}}},"fnMap":{},"branchMap":{"0":{"loc":{"start":{"line":8,"column":0},"end":{"line":19,"column":1}},"type":"if","locations":[{"start":{"line":8,"column":0},"end":{"line":19,"column":1}},{"start":{"line":15,"column":7},"end":{"line":19,"column":1}}],"line":8}},"s":{"0":4,"1":4,"2":4,"3":0,"4":4,"5":4,"6":4},"f":{},"b":{"0":[0,4]},"_coverageSchema":"1a1c01bbd47fc00a2c39e90264f33305004495a9","hash":"16d14d96328dd2f7b4e1ecb13b644f0ac0964029"}
,"/Users/ramasrinivas/Documents/springboard/rentMySpace/rs_backend/expressError.js": {"path":"/Users/ramasrinivas/Documents/springboard/rentMySpace/rs_backend/expressError.js","statementMap":{"0":{"start":{"line":9,"column":4},"end":{"line":9,"column":12}},"1":{"start":{"line":10,"column":4},"end":{"line":10,"column":27}},"2":{"start":{"line":11,"column":4},"end":{"line":11,"column":25}},"3":{"start":{"line":19,"column":4},"end":{"line":19,"column":24}},"4":{"start":{"line":27,"column":4},"end":{"line":27,"column":24}},"5":{"start":{"line":35,"column":4},"end":{"line":35,"column":24}},"6":{"start":{"line":43,"column":4},"end":{"line":43,"column":24}},"7":{"start":{"line":47,"column":0},"end":{"line":53,"column":2}}},"fnMap":{"0":{"name":"(anonymous_0)","decl":{"start":{"line":8,"column":2},"end":{"line":8,"column":3}},"loc":{"start":{"line":8,"column":31},"end":{"line":12,"column":3}},"line":8},"1":{"name":"(anonymous_1)","decl":{"start":{"line":18,"column":2},"end":{"line":18,"column":3}},"loc":{"start":{"line":18,"column":37},"end":{"line":20,"column":3}},"line":18},"2":{"name":"(anonymous_2)","decl":{"start":{"line":26,"column":2},"end":{"line":26,"column":3}},"loc":{"start":{"line":26,"column":40},"end":{"line":28,"column":3}},"line":26},"3":{"name":"(anonymous_3)","decl":{"start":{"line":34,"column":2},"end":{"line":34,"column":3}},"loc":{"start":{"line":34,"column":39},"end":{"line":36,"column":3}},"line":34},"4":{"name":"(anonymous_4)","decl":{"start":{"line":42,"column":2},"end":{"line":42,"column":3}},"loc":{"start":{"line":42,"column":39},"end":{"line":44,"column":3}},"line":42}},"branchMap":{"0":{"loc":{"start":{"line":18,"column":14},"end":{"line":18,"column":35}},"type":"default-arg","locations":[{"start":{"line":18,"column":24},"end":{"line":18,"column":35}}],"line":18},"1":{"loc":{"start":{"line":26,"column":14},"end":{"line":26,"column":38}},"type":"default-arg","locations":[{"start":{"line":26,"column":24},"end":{"line":26,"column":38}}],"line":26},"2":{"loc":{"start":{"line":34,"column":14},"end":{"line":34,"column":37}},"type":"default-arg","locations":[{"start":{"line":34,"column":24},"end":{"line":34,"column":37}}],"line":34},"3":{"loc":{"start":{"line":42,"column":14},"end":{"line":42,"column":37}},"type":"default-arg","locations":[{"start":{"line":42,"column":24},"end":{"line":42,"column":37}}],"line":42}},"s":{"0":7,"1":7,"2":7,"3":2,"4":0,"5":5,"6":0,"7":4},"f":{"0":7,"1":2,"2":0,"3":5,"4":0},"b":{"0":[2],"1":[0],"2":[0],"3":[0]},"_coverageSchema":"1a1c01bbd47fc00a2c39e90264f33305004495a9","hash":"e4aea2da10dc41af159ee3df9abb6cefdb250ce7"}
,"/Users/ramasrinivas/Documents/springboard/rentMySpace/rs_backend/helpers/sql.js": {"path":"/Users/ramasrinivas/Documents/springboard/rentMySpace/rs_backend/helpers/sql.js","statementMap":{"0":{"start":{"line":1,"column":28},"end":{"line":1,"column":54}},"1":{"start":{"line":21,"column":15},"end":{"line":21,"column":40}},"2":{"start":{"line":22,"column":2},"end":{"line":22,"column":62}},"3":{"start":{"line":22,"column":25},"end":{"line":22,"column":62}},"4":{"start":{"line":25,"column":15},"end":{"line":27,"column":3}},"5":{"start":{"line":26,"column":6},"end":{"line":26,"column":32}},"6":{"start":{"line":28,"column":2},"end":{"line":31,"column":4}},"7":{"start":{"line":34,"column":0},"end":{"line":34,"column":41}}},"fnMap":{"0":{"name":"sqlForPartialUpdate","decl":{"start":{"line":20,"column":9},"end":{"line":20,"column":28}},"loc":{"start":{"line":20,"column":43},"end":{"line":32,"column":1}},"line":20},"1":{"name":"(anonymous_1)","decl":{"start":{"line":25,"column":24},"end":{"line":25,"column":25}},"loc":{"start":{"line":26,"column":6},"end":{"line":26,"column":32}},"line":26}},"branchMap":{"0":{"loc":{"start":{"line":22,"column":2},"end":{"line":22,"column":62}},"type":"if","locations":[{"start":{"line":22,"column":2},"end":{"line":22,"column":62}},{"start":{},"end":{}}],"line":22}},"s":{"0":4,"1":0,"2":0,"3":0,"4":0,"5":0,"6":0,"7":4},"f":{"0":0,"1":0},"b":{"0":[0,0]},"_coverageSchema":"1a1c01bbd47fc00a2c39e90264f33305004495a9","hash":"a630cbd82d8abe4f8d7bf23d11ce4a8dcc5fe793"}
,"/Users/ramasrinivas/Documents/springboard/rentMySpace/rs_backend/helpers/tokens.js": {"path":"/Users/ramasrinivas/Documents/springboard/rentMySpace/rs_backend/helpers/tokens.js","statementMap":{"0":{"start":{"line":1,"column":12},"end":{"line":1,"column":35}},"1":{"start":{"line":2,"column":23},"end":{"line":2,"column":43}},"2":{"start":{"line":7,"column":2},"end":{"line":8,"column":58}},"3":{"start":{"line":10,"column":16},"end":{"line":13,"column":3}},"4":{"start":{"line":15,"column":2},"end":{"line":15,"column":39}},"5":{"start":{"line":18,"column":0},"end":{"line":18,"column":33}}},"fnMap":{"0":{"name":"createToken","decl":{"start":{"line":6,"column":9},"end":{"line":6,"column":20}},"loc":{"start":{"line":6,"column":27},"end":{"line":16,"column":1}},"line":6}},"branchMap":{"0":{"loc":{"start":{"line":12,"column":13},"end":{"line":12,"column":34}},"type":"binary-expr","locations":[{"start":{"line":12,"column":13},"end":{"line":12,"column":25}},{"start":{"line":12,"column":29},"end":{"line":12,"column":34}}],"line":12}},"s":{"0":4,"1":4,"2":12,"3":12,"4":12,"5":4},"f":{"0":12},"b":{"0":[12,7]},"_coverageSchema":"1a1c01bbd47fc00a2c39e90264f33305004495a9","hash":"5a96be3130d981e353999eab26e27a1451c9757e"}
,"/Users/ramasrinivas/Documents/springboard/rentMySpace/rs_backend/middleware/auth.js": {"path":"/Users/ramasrinivas/Documents/springboard/rentMySpace/rs_backend/middleware/auth.js","statementMap":{"0":{"start":{"line":5,"column":12},"end":{"line":5,"column":35}},"1":{"start":{"line":6,"column":23},"end":{"line":6,"column":43}},"2":{"start":{"line":7,"column":30},"end":{"line":7,"column":56}},"3":{"start":{"line":19,"column":2},"end":{"line":19,"column":34}},"4":{"start":{"line":21,"column":2},"end":{"line":31,"column":3}},"5":{"start":{"line":22,"column":23},"end":{"line":22,"column":63}},"6":{"start":{"line":23,"column":4},"end":{"line":23,"column":61}},"7":{"start":{"line":24,"column":4},"end":{"line":27,"column":5}},"8":{"start":{"line":25,"column":20},"end":{"line":25,"column":64}},"9":{"start":{"line":26,"column":6},"end":{"line":26,"column":54}},"10":{"start":{"line":28,"column":4},"end":{"line":28,"column":18}},"11":{"start":{"line":30,"column":4},"end":{"line":30,"column":18}},"12":{"start":{"line":40,"column":2},"end":{"line":45,"column":3}},"13":{"start":{"line":41,"column":4},"end":{"line":41,"column":56}},"14":{"start":{"line":41,"column":26},"end":{"line":41,"column":56}},"15":{"start":{"line":42,"column":4},"end":{"line":42,"column":18}},"16":{"start":{"line":44,"column":4},"end":{"line":44,"column":21}},"17":{"start":{"line":55,"column":2},"end":{"line":62,"column":3}},"18":{"start":{"line":56,"column":4},"end":{"line":58,"column":5}},"19":{"start":{"line":57,"column":6},"end":{"line":57,"column":36}},"20":{"start":{"line":59,"column":4},"end":{"line":59,"column":18}},"21":{"start":{"line":61,"column":4},"end":{"line":61,"column":21}},"22":{"start":{"line":72,"column":2},"end":{"line":81,"column":3}},"23":{"start":{"line":73,"column":17},"end":{"line":73,"column":32}},"24":{"start":{"line":74,"column":4},"end":{"line":74,"column":49}},"25":{"start":{"line":75,"column":4},"end":{"line":77,"column":5}},"26":{"start":{"line":76,"column":6},"end":{"line":76,"column":36}},"27":{"start":{"line":78,"column":4},"end":{"line":78,"column":18}},"28":{"start":{"line":80,"column":4},"end":{"line":80,"column":21}},"29":{"start":{"line":84,"column":0},"end":{"line":89,"column":2}}},"fnMap":{"0":{"name":"authenticateJWT","decl":{"start":{"line":18,"column":9},"end":{"line":18,"column":24}},"loc":{"start":{"line":18,"column":41},"end":{"line":32,"column":1}},"line":18},"1":{"name":"ensureLoggedIn","decl":{"start":{"line":39,"column":9},"end":{"line":39,"column":23}},"loc":{"start":{"line":39,"column":40},"end":{"line":46,"column":1}},"line":39},"2":{"name":"ensureAdmin","decl":{"start":{"line":54,"column":9},"end":{"line":54,"column":20}},"loc":{"start":{"line":54,"column":37},"end":{"line":63,"column":1}},"line":54},"3":{"name":"ensureCorrectUserOrAdmin","decl":{"start":{"line":71,"column":9},"end":{"line":71,"column":33}},"loc":{"start":{"line":71,"column":50},"end":{"line":82,"column":1}},"line":71}},"branchMap":{"0":{"loc":{"start":{"line":22,"column":23},"end":{"line":22,"column":63}},"type":"binary-expr","locations":[{"start":{"line":22,"column":23},"end":{"line":22,"column":34}},{"start":{"line":22,"column":38},"end":{"line":22,"column":63}}],"line":22},"1":{"loc":{"start":{"line":24,"column":4},"end":{"line":27,"column":5}},"type":"if","locations":[{"start":{"line":24,"column":4},"end":{"line":27,"column":5}},{"start":{},"end":{}}],"line":24},"2":{"loc":{"start":{"line":41,"column":4},"end":{"line":41,"column":56}},"type":"if","locations":[{"start":{"line":41,"column":4},"end":{"line":41,"column":56}},{"start":{},"end":{}}],"line":41},"3":{"loc":{"start":{"line":56,"column":4},"end":{"line":58,"column":5}},"type":"if","locations":[{"start":{"line":56,"column":4},"end":{"line":58,"column":5}},{"start":{},"end":{}}],"line":56},"4":{"loc":{"start":{"line":56,"column":8},"end":{"line":56,"column":52}},"type":"binary-expr","locations":[{"start":{"line":56,"column":8},"end":{"line":56,"column":24}},{"start":{"line":56,"column":28},"end":{"line":56,"column":52}}],"line":56},"5":{"loc":{"start":{"line":75,"column":4},"end":{"line":77,"column":5}},"type":"if","locations":[{"start":{"line":75,"column":4},"end":{"line":77,"column":5}},{"start":{},"end":{}}],"line":75},"6":{"loc":{"start":{"line":75,"column":10},"end":{"line":75,"column":73}},"type":"binary-expr","locations":[{"start":{"line":75,"column":10},"end":{"line":75,"column":14}},{"start":{"line":75,"column":19},"end":{"line":75,"column":31}},{"start":{"line":75,"column":35},"end":{"line":75,"column":72}}],"line":75}},"s":{"0":4,"1":4,"2":4,"3":15,"4":15,"5":15,"6":15,"7":15,"8":3,"9":3,"10":15,"11":0,"12":0,"13":0,"14":0,"15":0,"16":0,"17":0,"18":0,"19":0,"20":0,"21":0,"22":1,"23":1,"24":1,"25":1,"26":0,"27":1,"28":0,"29":4},"f":{"0":15,"1":0,"2":0,"3":1},"b":{"0":[15,15],"1":[3,12],"2":[0,0],"3":[0,0],"4":[0,0],"5":[0,1],"6":[1,1,0]},"_coverageSchema":"1a1c01bbd47fc00a2c39e90264f33305004495a9","hash":"d961d0021aaf5301a93e347ca5e5ba39a01d8f92"}
,"/Users/ramasrinivas/Documents/springboard/rentMySpace/rs_backend/models/booking.js": {"path":"/Users/ramasrinivas/Documents/springboard/rentMySpace/rs_backend/models/booking.js","statementMap":{"0":{"start":{"line":3,"column":11},"end":{"line":3,"column":27}},"1":{"start":{"line":4,"column":43},"end":{"line":4,"column":69}},"2":{"start":{"line":5,"column":32},"end":{"line":5,"column":57}},"3":{"start":{"line":20,"column":4},"end":{"line":20,"column":47}},"4":{"start":{"line":21,"column":19},"end":{"line":33,"column":5}},"5":{"start":{"line":34,"column":20},"end":{"line":34,"column":34}},"6":{"start":{"line":35,"column":4},"end":{"line":35,"column":19}},"7":{"start":{"line":45,"column":16},"end":{"line":45,"column":40}},"8":{"start":{"line":46,"column":27},"end":{"line":46,"column":29}},"9":{"start":{"line":48,"column":50},"end":{"line":48,"column":63}},"10":{"start":{"line":50,"column":4},"end":{"line":52,"column":5}},"11":{"start":{"line":51,"column":6},"end":{"line":51,"column":63}},"12":{"start":{"line":53,"column":4},"end":{"line":55,"column":5}},"13":{"start":{"line":54,"column":6},"end":{"line":54,"column":67}},"14":{"start":{"line":56,"column":4},"end":{"line":56,"column":37}},"15":{"start":{"line":58,"column":24},"end":{"line":58,"column":45}},"16":{"start":{"line":59,"column":4},"end":{"line":59,"column":28}},"17":{"start":{"line":68,"column":23},"end":{"line":72,"column":21}},"18":{"start":{"line":74,"column":20},"end":{"line":74,"column":38}},"19":{"start":{"line":76,"column":4},"end":{"line":76,"column":69}},"20":{"start":{"line":76,"column":18},"end":{"line":76,"column":69}},"21":{"start":{"line":77,"column":4},"end":{"line":77,"column":19}},"22":{"start":{"line":84,"column":4},"end":{"line":91,"column":53}},"23":{"start":{"line":93,"column":4},"end":{"line":93,"column":36}},"24":{"start":{"line":94,"column":19},"end":{"line":94,"column":40}},"25":{"start":{"line":96,"column":21},"end":{"line":96,"column":32}},"26":{"start":{"line":97,"column":4},"end":{"line":97,"column":42}},"27":{"start":{"line":99,"column":4},"end":{"line":99,"column":72}},"28":{"start":{"line":99,"column":19},"end":{"line":99,"column":72}},"29":{"start":{"line":100,"column":4},"end":{"line":100,"column":20}},"30":{"start":{"line":116,"column":32},"end":{"line":116,"column":59}},"31":{"start":{"line":118,"column":23},"end":{"line":118,"column":48}},"32":{"start":{"line":120,"column":21},"end":{"line":130,"column":40}},"33":{"start":{"line":131,"column":19},"end":{"line":131,"column":68}},"34":{"start":{"line":132,"column":20},"end":{"line":132,"column":34}},"35":{"start":{"line":134,"column":4},"end":{"line":134,"column":71}},"36":{"start":{"line":134,"column":18},"end":{"line":134,"column":71}},"37":{"start":{"line":136,"column":4},"end":{"line":136,"column":19}},"38":{"start":{"line":145,"column":4},"end":{"line":145,"column":44}},"39":{"start":{"line":146,"column":19},"end":{"line":151,"column":21}},"40":{"start":{"line":153,"column":20},"end":{"line":153,"column":34}},"41":{"start":{"line":155,"column":4},"end":{"line":155,"column":71}},"42":{"start":{"line":155,"column":18},"end":{"line":155,"column":71}},"43":{"start":{"line":160,"column":0},"end":{"line":160,"column":25}}},"fnMap":{"0":{"name":"(anonymous_0)","decl":{"start":{"line":19,"column":2},"end":{"line":19,"column":3}},"loc":{"start":{"line":19,"column":83},"end":{"line":37,"column":3}},"line":19},"1":{"name":"(anonymous_1)","decl":{"start":{"line":44,"column":2},"end":{"line":44,"column":3}},"loc":{"start":{"line":44,"column":43},"end":{"line":60,"column":3}},"line":44},"2":{"name":"(anonymous_2)","decl":{"start":{"line":67,"column":2},"end":{"line":67,"column":3}},"loc":{"start":{"line":67,"column":31},"end":{"line":78,"column":3}},"line":67},"3":{"name":"(anonymous_3)","decl":{"start":{"line":81,"column":2},"end":{"line":81,"column":3}},"loc":{"start":{"line":81,"column":46},"end":{"line":101,"column":3}},"line":81},"4":{"name":"(anonymous_4)","decl":{"start":{"line":114,"column":2},"end":{"line":114,"column":3}},"loc":{"start":{"line":114,"column":40},"end":{"line":137,"column":3}},"line":114},"5":{"name":"(anonymous_5)","decl":{"start":{"line":144,"column":2},"end":{"line":144,"column":3}},"loc":{"start":{"line":144,"column":34},"end":{"line":156,"column":3}},"line":144}},"branchMap":{"0":{"loc":{"start":{"line":44,"column":23},"end":{"line":44,"column":41}},"type":"default-arg","locations":[{"start":{"line":44,"column":39},"end":{"line":44,"column":41}}],"line":44},"1":{"loc":{"start":{"line":50,"column":4},"end":{"line":52,"column":5}},"type":"if","locations":[{"start":{"line":50,"column":4},"end":{"line":52,"column":5}},{"start":{},"end":{}}],"line":50},"2":{"loc":{"start":{"line":53,"column":4},"end":{"line":55,"column":5}},"type":"if","locations":[{"start":{"line":53,"column":4},"end":{"line":55,"column":5}},{"start":{},"end":{}}],"line":53},"3":{"loc":{"start":{"line":76,"column":4},"end":{"line":76,"column":69}},"type":"if","locations":[{"start":{"line":76,"column":4},"end":{"line":76,"column":69}},{"start":{},"end":{}}],"line":76},"4":{"loc":{"start":{"line":99,"column":4},"end":{"line":99,"column":72}},"type":"if","locations":[{"start":{"line":99,"column":4},"end":{"line":99,"column":72}},{"start":{},"end":{}}],"line":99},"5":{"loc":{"start":{"line":134,"column":4},"end":{"line":134,"column":71}},"type":"if","locations":[{"start":{"line":134,"column":4},"end":{"line":134,"column":71}},{"start":{},"end":{}}],"line":134},"6":{"loc":{"start":{"line":155,"column":4},"end":{"line":155,"column":71}},"type":"if","locations":[{"start":{"line":155,"column":4},"end":{"line":155,"column":71}},{"start":{},"end":{}}],"line":155}},"s":{"0":4,"1":4,"2":4,"3":0,"4":0,"5":0,"6":0,"7":0,"8":0,"9":0,"10":0,"11":0,"12":0,"13":0,"14":0,"15":0,"16":0,"17":0,"18":0,"19":0,"20":0,"21":0,"22":0,"23":0,"24":0,"25":0,"26":0,"27":0,"28":0,"29":0,"30":0,"31":0,"32":0,"33":0,"34":0,"35":0,"36":0,"37":0,"38":0,"39":0,"40":0,"41":0,"42":0,"43":4},"f":{"0":0,"1":0,"2":0,"3":0,"4":0,"5":0},"b":{"0":[0],"1":[0,0],"2":[0,0],"3":[0,0],"4":[0,0],"5":[0,0],"6":[0,0]},"_coverageSchema":"1a1c01bbd47fc00a2c39e90264f33305004495a9","hash":"f5d5d809bef373255d261f09dda2fa72486f8959"}
,"/Users/ramasrinivas/Documents/springboard/rentMySpace/rs_backend/models/property.js": {"path":"/Users/ramasrinivas/Documents/springboard/rentMySpace/rs_backend/models/property.js","statementMap":{"0":{"start":{"line":3,"column":11},"end":{"line":3,"column":27}},"1":{"start":{"line":4,"column":43},"end":{"line":4,"column":69}},"2":{"start":{"line":5,"column":32},"end":{"line":5,"column":57}},"3":{"start":{"line":22,"column":4},"end":{"line":37,"column":6}},"4":{"start":{"line":38,"column":15},"end":{"line":38,"column":41}},"5":{"start":{"line":40,"column":4},"end":{"line":40,"column":59}},"6":{"start":{"line":45,"column":4},"end":{"line":66,"column":5}},"7":{"start":{"line":46,"column":6},"end":{"line":46,"column":40}},"8":{"start":{"line":48,"column":6},"end":{"line":48,"column":43}},"9":{"start":{"line":49,"column":20},"end":{"line":49,"column":42}},"10":{"start":{"line":50,"column":6},"end":{"line":65,"column":9}},"11":{"start":{"line":51,"column":8},"end":{"line":54,"column":9}},"12":{"start":{"line":53,"column":10},"end":{"line":53,"column":43}},"13":{"start":{"line":56,"column":22},"end":{"line":56,"column":31}},"14":{"start":{"line":57,"column":25},"end":{"line":60,"column":107}},"15":{"start":{"line":62,"column":10},"end":{"line":62,"column":55}},"16":{"start":{"line":64,"column":8},"end":{"line":64,"column":28}},"17":{"start":{"line":67,"column":21},"end":{"line":67,"column":35}},"18":{"start":{"line":68,"column":4},"end":{"line":68,"column":20}},"19":{"start":{"line":85,"column":16},"end":{"line":85,"column":42}},"20":{"start":{"line":87,"column":27},"end":{"line":87,"column":29}},"21":{"start":{"line":89,"column":31},"end":{"line":89,"column":44}},"22":{"start":{"line":91,"column":4},"end":{"line":93,"column":5}},"23":{"start":{"line":92,"column":6},"end":{"line":92,"column":73}},"24":{"start":{"line":94,"column":4},"end":{"line":94,"column":37}},"25":{"start":{"line":96,"column":26},"end":{"line":96,"column":47}},"26":{"start":{"line":97,"column":4},"end":{"line":97,"column":30}},"27":{"start":{"line":109,"column":24},"end":{"line":122,"column":22}},"28":{"start":{"line":124,"column":21},"end":{"line":124,"column":40}},"29":{"start":{"line":126,"column":4},"end":{"line":126,"column":71}},"30":{"start":{"line":126,"column":19},"end":{"line":126,"column":71}},"31":{"start":{"line":127,"column":4},"end":{"line":127,"column":20}},"32":{"start":{"line":143,"column":32},"end":{"line":143,"column":59}},"33":{"start":{"line":144,"column":24},"end":{"line":144,"column":49}},"34":{"start":{"line":147,"column":21},"end":{"line":159,"column":47}},"35":{"start":{"line":160,"column":19},"end":{"line":160,"column":69}},"36":{"start":{"line":161,"column":21},"end":{"line":161,"column":35}},"37":{"start":{"line":163,"column":4},"end":{"line":163,"column":74}},"38":{"start":{"line":163,"column":19},"end":{"line":163,"column":74}},"39":{"start":{"line":165,"column":4},"end":{"line":165,"column":20}},"40":{"start":{"line":172,"column":4},"end":{"line":172,"column":62}},"41":{"start":{"line":174,"column":18},"end":{"line":175,"column":83}},"42":{"start":{"line":176,"column":4},"end":{"line":176,"column":37}},"43":{"start":{"line":177,"column":19},"end":{"line":177,"column":40}},"44":{"start":{"line":178,"column":4},"end":{"line":178,"column":24}},"45":{"start":{"line":179,"column":4},"end":{"line":179,"column":31}},"46":{"start":{"line":180,"column":21},"end":{"line":180,"column":35}},"47":{"start":{"line":182,"column":4},"end":{"line":182,"column":74}},"48":{"start":{"line":182,"column":19},"end":{"line":182,"column":74}},"49":{"start":{"line":184,"column":4},"end":{"line":184,"column":20}},"50":{"start":{"line":194,"column":4},"end":{"line":194,"column":39}},"51":{"start":{"line":195,"column":19},"end":{"line":200,"column":22}},"52":{"start":{"line":202,"column":21},"end":{"line":202,"column":35}},"53":{"start":{"line":204,"column":4},"end":{"line":204,"column":74}},"54":{"start":{"line":204,"column":19},"end":{"line":204,"column":74}},"55":{"start":{"line":209,"column":24},"end":{"line":217,"column":47}},"56":{"start":{"line":219,"column":31},"end":{"line":219,"column":47}},"57":{"start":{"line":220,"column":6},"end":{"line":220,"column":58}},"58":{"start":{"line":222,"column":6},"end":{"line":222,"column":89}},"59":{"start":{"line":222,"column":29},"end":{"line":222,"column":89}},"60":{"start":{"line":223,"column":6},"end":{"line":223,"column":30}},"61":{"start":{"line":228,"column":0},"end":{"line":228,"column":26}}},"fnMap":{"0":{"name":"(anonymous_0)","decl":{"start":{"line":19,"column":2},"end":{"line":19,"column":3}},"loc":{"start":{"line":19,"column":129},"end":{"line":70,"column":3}},"line":19},"1":{"name":"(anonymous_1)","decl":{"start":{"line":50,"column":68},"end":{"line":50,"column":69}},"loc":{"start":{"line":50,"column":75},"end":{"line":65,"column":7}},"line":50},"2":{"name":"updateUrl","decl":{"start":{"line":61,"column":23},"end":{"line":61,"column":32}},"loc":{"start":{"line":61,"column":41},"end":{"line":63,"column":9}},"line":61},"3":{"name":"(anonymous_3)","decl":{"start":{"line":84,"column":2},"end":{"line":84,"column":3}},"loc":{"start":{"line":84,"column":43},"end":{"line":98,"column":3}},"line":84},"4":{"name":"(anonymous_4)","decl":{"start":{"line":108,"column":2},"end":{"line":108,"column":3}},"loc":{"start":{"line":108,"column":32},"end":{"line":128,"column":3}},"line":108},"5":{"name":"(anonymous_5)","decl":{"start":{"line":141,"column":2},"end":{"line":141,"column":3}},"loc":{"start":{"line":141,"column":41},"end":{"line":166,"column":3}},"line":141},"6":{"name":"(anonymous_6)","decl":{"start":{"line":171,"column":2},"end":{"line":171,"column":3}},"loc":{"start":{"line":171,"column":50},"end":{"line":185,"column":3}},"line":171},"7":{"name":"(anonymous_7)","decl":{"start":{"line":193,"column":2},"end":{"line":193,"column":3}},"loc":{"start":{"line":193,"column":35},"end":{"line":205,"column":3}},"line":193},"8":{"name":"(anonymous_8)","decl":{"start":{"line":207,"column":2},"end":{"line":207,"column":3}},"loc":{"start":{"line":207,"column":54},"end":{"line":224,"column":3}},"line":207}},"branchMap":{"0":{"loc":{"start":{"line":19,"column":118},"end":{"line":19,"column":127}},"type":"default-arg","locations":[{"start":{"line":19,"column":123},"end":{"line":19,"column":127}}],"line":19},"1":{"loc":{"start":{"line":45,"column":4},"end":{"line":66,"column":5}},"type":"if","locations":[{"start":{"line":45,"column":4},"end":{"line":66,"column":5}},{"start":{"line":47,"column":11},"end":{"line":66,"column":5}}],"line":45},"2":{"loc":{"start":{"line":51,"column":8},"end":{"line":54,"column":9}},"type":"if","locations":[{"start":{"line":51,"column":8},"end":{"line":54,"column":9}},{"start":{},"end":{}}],"line":51},"3":{"loc":{"start":{"line":84,"column":23},"end":{"line":84,"column":41}},"type":"default-arg","locations":[{"start":{"line":84,"column":39},"end":{"line":84,"column":41}}],"line":84},"4":{"loc":{"start":{"line":91,"column":4},"end":{"line":93,"column":5}},"type":"if","locations":[{"start":{"line":91,"column":4},"end":{"line":93,"column":5}},{"start":{},"end":{}}],"line":91},"5":{"loc":{"start":{"line":126,"column":4},"end":{"line":126,"column":71}},"type":"if","locations":[{"start":{"line":126,"column":4},"end":{"line":126,"column":71}},{"start":{},"end":{}}],"line":126},"6":{"loc":{"start":{"line":163,"column":4},"end":{"line":163,"column":74}},"type":"if","locations":[{"start":{"line":163,"column":4},"end":{"line":163,"column":74}},{"start":{},"end":{}}],"line":163},"7":{"loc":{"start":{"line":182,"column":4},"end":{"line":182,"column":74}},"type":"if","locations":[{"start":{"line":182,"column":4},"end":{"line":182,"column":74}},{"start":{},"end":{}}],"line":182},"8":{"loc":{"start":{"line":204,"column":4},"end":{"line":204,"column":74}},"type":"if","locations":[{"start":{"line":204,"column":4},"end":{"line":204,"column":74}},{"start":{},"end":{}}],"line":204},"9":{"loc":{"start":{"line":222,"column":6},"end":{"line":222,"column":89}},"type":"if","locations":[{"start":{"line":222,"column":6},"end":{"line":222,"column":89}},{"start":{},"end":{}}],"line":222}},"s":{"0":4,"1":4,"2":4,"3":1,"4":1,"5":1,"6":1,"7":1,"8":0,"9":0,"10":0,"11":0,"12":0,"13":0,"14":0,"15":0,"16":0,"17":1,"18":1,"19":0,"20":0,"21":0,"22":0,"23":0,"24":0,"25":0,"26":0,"27":0,"28":0,"29":0,"30":0,"31":0,"32":0,"33":0,"34":0,"35":0,"36":0,"37":0,"38":0,"39":0,"40":0,"41":0,"42":0,"43":0,"44":0,"45":0,"46":0,"47":0,"48":0,"49":0,"50":0,"51":0,"52":0,"53":0,"54":0,"55":0,"56":0,"57":0,"58":0,"59":0,"60":0,"61":4},"f":{"0":1,"1":0,"2":0,"3":0,"4":0,"5":0,"6":0,"7":0,"8":0},"b":{"0":[1],"1":[1,0],"2":[0,0],"3":[0],"4":[0,0],"5":[0,0],"6":[0,0],"7":[0,0],"8":[0,0],"9":[0,0]},"_coverageSchema":"1a1c01bbd47fc00a2c39e90264f33305004495a9","hash":"d1efb94681a493846ace74d10fe91ef0a4048182"}
,"/Users/ramasrinivas/Documents/springboard/rentMySpace/rs_backend/models/user.js": {"path":"/Users/ramasrinivas/Documents/springboard/rentMySpace/rs_backend/models/user.js","statementMap":{"0":{"start":{"line":3,"column":11},"end":{"line":3,"column":27}},"1":{"start":{"line":4,"column":15},"end":{"line":4,"column":32}},"2":{"start":{"line":5,"column":32},"end":{"line":5,"column":57}},"3":{"start":{"line":10,"column":4},"end":{"line":10,"column":30}},"4":{"start":{"line":12,"column":31},"end":{"line":12,"column":54}},"5":{"start":{"line":26,"column":19},"end":{"line":36,"column":5}},"6":{"start":{"line":38,"column":17},"end":{"line":38,"column":31}},"7":{"start":{"line":39,"column":4},"end":{"line":39,"column":42}},"8":{"start":{"line":41,"column":4},"end":{"line":48,"column":5}},"9":{"start":{"line":43,"column":22},"end":{"line":43,"column":67}},"10":{"start":{"line":44,"column":6},"end":{"line":47,"column":7}},"11":{"start":{"line":45,"column":8},"end":{"line":45,"column":29}},"12":{"start":{"line":46,"column":8},"end":{"line":46,"column":20}},"13":{"start":{"line":50,"column":4},"end":{"line":50,"column":61}},"14":{"start":{"line":62,"column":27},"end":{"line":67,"column":5}},"15":{"start":{"line":69,"column":4},"end":{"line":71,"column":5}},"16":{"start":{"line":70,"column":6},"end":{"line":70,"column":67}},"17":{"start":{"line":73,"column":27},"end":{"line":73,"column":74}},"18":{"start":{"line":75,"column":19},"end":{"line":93,"column":5}},"19":{"start":{"line":95,"column":17},"end":{"line":95,"column":31}},"20":{"start":{"line":96,"column":4},"end":{"line":96,"column":43}},"21":{"start":{"line":98,"column":4},"end":{"line":98,"column":16}},"22":{"start":{"line":102,"column":0},"end":{"line":102,"column":22}}},"fnMap":{"0":{"name":"(anonymous_0)","decl":{"start":{"line":24,"column":2},"end":{"line":24,"column":3}},"loc":{"start":{"line":24,"column":48},"end":{"line":51,"column":3}},"line":24},"1":{"name":"(anonymous_1)","decl":{"start":{"line":60,"column":2},"end":{"line":60,"column":3}},"loc":{"start":{"line":61,"column":67},"end":{"line":99,"column":3}},"line":61}},"branchMap":{"0":{"loc":{"start":{"line":41,"column":4},"end":{"line":48,"column":5}},"type":"if","locations":[{"start":{"line":41,"column":4},"end":{"line":48,"column":5}},{"start":{},"end":{}}],"line":41},"1":{"loc":{"start":{"line":44,"column":6},"end":{"line":47,"column":7}},"type":"if","locations":[{"start":{"line":44,"column":6},"end":{"line":47,"column":7}},{"start":{},"end":{}}],"line":44},"2":{"loc":{"start":{"line":69,"column":4},"end":{"line":71,"column":5}},"type":"if","locations":[{"start":{"line":69,"column":4},"end":{"line":71,"column":5}},{"start":{},"end":{}}],"line":69}},"s":{"0":4,"1":4,"2":4,"3":4,"4":4,"5":3,"6":3,"7":3,"8":2,"9":2,"10":2,"11":2,"12":2,"13":0,"14":10,"15":10,"16":0,"17":10,"18":10,"19":10,"20":10,"21":10,"22":4},"f":{"0":3,"1":10},"b":{"0":[2,0],"1":[2,0],"2":[0,10]},"_coverageSchema":"1a1c01bbd47fc00a2c39e90264f33305004495a9","hash":"b3ee89127c3e8075385ae9b9c6b01020cbd88314"}
,"/Users/ramasrinivas/Documents/springboard/rentMySpace/rs_backend/routes/auth.js": {"path":"/Users/ramasrinivas/Documents/springboard/rentMySpace/rs_backend/routes/auth.js","statementMap":{"0":{"start":{"line":5,"column":19},"end":{"line":5,"column":40}},"1":{"start":{"line":7,"column":13},"end":{"line":7,"column":38}},"2":{"start":{"line":8,"column":16},"end":{"line":8,"column":34}},"3":{"start":{"line":9,"column":15},"end":{"line":9,"column":35}},"4":{"start":{"line":10,"column":24},"end":{"line":10,"column":52}},"5":{"start":{"line":11,"column":23},"end":{"line":11,"column":58}},"6":{"start":{"line":12,"column":27},"end":{"line":12,"column":61}},"7":{"start":{"line":13,"column":28},"end":{"line":13,"column":54}},"8":{"start":{"line":22,"column":0},"end":{"line":37,"column":3}},"9":{"start":{"line":23,"column":2},"end":{"line":36,"column":3}},"10":{"start":{"line":24,"column":22},"end":{"line":24,"column":67}},"11":{"start":{"line":25,"column":4},"end":{"line":28,"column":5}},"12":{"start":{"line":26,"column":19},"end":{"line":26,"column":53}},"13":{"start":{"line":26,"column":45},"end":{"line":26,"column":52}},"14":{"start":{"line":27,"column":6},"end":{"line":27,"column":38}},"15":{"start":{"line":30,"column":35},"end":{"line":30,"column":43}},"16":{"start":{"line":31,"column":17},"end":{"line":31,"column":60}},"17":{"start":{"line":32,"column":18},"end":{"line":32,"column":35}},"18":{"start":{"line":33,"column":4},"end":{"line":33,"column":31}},"19":{"start":{"line":35,"column":4},"end":{"line":35,"column":21}},"20":{"start":{"line":49,"column":0},"end":{"line":64,"column":3}},"21":{"start":{"line":50,"column":2},"end":{"line":63,"column":3}},"22":{"start":{"line":51,"column":22},"end":{"line":51,"column":71}},"23":{"start":{"line":52,"column":4},"end":{"line":56,"column":5}},"24":{"start":{"line":53,"column":19},"end":{"line":53,"column":53}},"25":{"start":{"line":53,"column":45},"end":{"line":53,"column":52}},"26":{"start":{"line":54,"column":6},"end":{"line":54,"column":31}},"27":{"start":{"line":55,"column":6},"end":{"line":55,"column":38}},"28":{"start":{"line":58,"column":20},"end":{"line":58,"column":56}},"29":{"start":{"line":59,"column":18},"end":{"line":59,"column":38}},"30":{"start":{"line":60,"column":4},"end":{"line":60,"column":43}},"31":{"start":{"line":62,"column":4},"end":{"line":62,"column":21}},"32":{"start":{"line":67,"column":0},"end":{"line":67,"column":24}}},"fnMap":{"0":{"name":"(anonymous_0)","decl":{"start":{"line":22,"column":22},"end":{"line":22,"column":23}},"loc":{"start":{"line":22,"column":54},"end":{"line":37,"column":1}},"line":22},"1":{"name":"(anonymous_1)","decl":{"start":{"line":26,"column":40},"end":{"line":26,"column":41}},"loc":{"start":{"line":26,"column":45},"end":{"line":26,"column":52}},"line":26},"2":{"name":"(anonymous_2)","decl":{"start":{"line":49,"column":25},"end":{"line":49,"column":26}},"loc":{"start":{"line":49,"column":57},"end":{"line":64,"column":1}},"line":49},"3":{"name":"(anonymous_3)","decl":{"start":{"line":53,"column":40},"end":{"line":53,"column":41}},"loc":{"start":{"line":53,"column":45},"end":{"line":53,"column":52}},"line":53}},"branchMap":{"0":{"loc":{"start":{"line":25,"column":4},"end":{"line":28,"column":5}},"type":"if","locations":[{"start":{"line":25,"column":4},"end":{"line":28,"column":5}},{"start":{},"end":{}}],"line":25},"1":{"loc":{"start":{"line":52,"column":4},"end":{"line":56,"column":5}},"type":"if","locations":[{"start":{"line":52,"column":4},"end":{"line":56,"column":5}},{"start":{},"end":{}}],"line":52}},"s":{"0":4,"1":4,"2":4,"3":4,"4":4,"5":4,"6":4,"7":4,"8":4,"9":6,"10":6,"11":6,"12":3,"13":3,"14":3,"15":3,"16":3,"17":2,"18":2,"19":4,"20":4,"21":4,"22":4,"23":4,"24":2,"25":5,"26":2,"27":2,"28":2,"29":2,"30":2,"31":2,"32":4},"f":{"0":6,"1":3,"2":4,"3":5},"b":{"0":[3,3],"1":[2,2]},"_coverageSchema":"1a1c01bbd47fc00a2c39e90264f33305004495a9","hash":"0cd5bcd5a0d11b20f9924dffb6e3f6a47f96f30c"}
,"/Users/ramasrinivas/Documents/springboard/rentMySpace/rs_backend/routes/booking.js": {"path":"/Users/ramasrinivas/Documents/springboard/rentMySpace/rs_backend/routes/booking.js","statementMap":{"0":{"start":{"line":5,"column":19},"end":{"line":5,"column":40}},"1":{"start":{"line":6,"column":16},"end":{"line":6,"column":34}},"2":{"start":{"line":8,"column":28},"end":{"line":8,"column":54}},"3":{"start":{"line":9,"column":50},"end":{"line":9,"column":79}},"4":{"start":{"line":10,"column":16},"end":{"line":10,"column":44}},"5":{"start":{"line":11,"column":25},"end":{"line":11,"column":62}},"6":{"start":{"line":12,"column":28},"end":{"line":12,"column":68}},"7":{"start":{"line":14,"column":15},"end":{"line":14,"column":35}},"8":{"start":{"line":22,"column":0},"end":{"line":32,"column":3}},"9":{"start":{"line":23,"column":2},"end":{"line":23,"column":29}},"10":{"start":{"line":24,"column":12},"end":{"line":24,"column":21}},"11":{"start":{"line":26,"column":2},"end":{"line":31,"column":3}},"12":{"start":{"line":27,"column":20},"end":{"line":27,"column":44}},"13":{"start":{"line":28,"column":4},"end":{"line":28,"column":33}},"14":{"start":{"line":30,"column":4},"end":{"line":30,"column":21}},"15":{"start":{"line":34,"column":0},"end":{"line":45,"column":3}},"16":{"start":{"line":35,"column":18},"end":{"line":35,"column":37}},"17":{"start":{"line":36,"column":2},"end":{"line":36,"column":42}},"18":{"start":{"line":37,"column":2},"end":{"line":44,"column":3}},"19":{"start":{"line":38,"column":24},"end":{"line":38,"column":68}},"20":{"start":{"line":39,"column":4},"end":{"line":39,"column":30}},"21":{"start":{"line":40,"column":4},"end":{"line":40,"column":37}},"22":{"start":{"line":42,"column":4},"end":{"line":42,"column":21}},"23":{"start":{"line":43,"column":4},"end":{"line":43,"column":21}},"24":{"start":{"line":56,"column":0},"end":{"line":70,"column":3}},"25":{"start":{"line":57,"column":2},"end":{"line":69,"column":3}},"26":{"start":{"line":58,"column":22},"end":{"line":58,"column":69}},"27":{"start":{"line":59,"column":4},"end":{"line":63,"column":5}},"28":{"start":{"line":60,"column":19},"end":{"line":60,"column":53}},"29":{"start":{"line":60,"column":45},"end":{"line":60,"column":52}},"30":{"start":{"line":61,"column":6},"end":{"line":61,"column":33}},"31":{"start":{"line":62,"column":6},"end":{"line":62,"column":38}},"32":{"start":{"line":64,"column":4},"end":{"line":64,"column":31}},"33":{"start":{"line":65,"column":18},"end":{"line":65,"column":52}},"34":{"start":{"line":66,"column":4},"end":{"line":66,"column":45}},"35":{"start":{"line":68,"column":4},"end":{"line":68,"column":21}},"36":{"start":{"line":84,"column":0},"end":{"line":97,"column":3}},"37":{"start":{"line":85,"column":2},"end":{"line":96,"column":3}},"38":{"start":{"line":86,"column":22},"end":{"line":86,"column":72}},"39":{"start":{"line":87,"column":4},"end":{"line":90,"column":5}},"40":{"start":{"line":88,"column":19},"end":{"line":88,"column":53}},"41":{"start":{"line":88,"column":45},"end":{"line":88,"column":52}},"42":{"start":{"line":89,"column":6},"end":{"line":89,"column":38}},"43":{"start":{"line":92,"column":20},"end":{"line":92,"column":73}},"44":{"start":{"line":93,"column":4},"end":{"line":93,"column":33}},"45":{"start":{"line":95,"column":4},"end":{"line":95,"column":21}},"46":{"start":{"line":104,"column":0},"end":{"line":111,"column":3}},"47":{"start":{"line":105,"column":2},"end":{"line":110,"column":3}},"48":{"start":{"line":106,"column":4},"end":{"line":106,"column":48}},"49":{"start":{"line":107,"column":4},"end":{"line":107,"column":56}},"50":{"start":{"line":109,"column":4},"end":{"line":109,"column":21}},"51":{"start":{"line":113,"column":0},"end":{"line":113,"column":24}}},"fnMap":{"0":{"name":"(anonymous_0)","decl":{"start":{"line":22,"column":16},"end":{"line":22,"column":17}},"loc":{"start":{"line":22,"column":48},"end":{"line":32,"column":1}},"line":22},"1":{"name":"(anonymous_1)","decl":{"start":{"line":34,"column":34},"end":{"line":34,"column":35}},"loc":{"start":{"line":34,"column":65},"end":{"line":45,"column":1}},"line":34},"2":{"name":"(anonymous_2)","decl":{"start":{"line":56,"column":52},"end":{"line":56,"column":53}},"loc":{"start":{"line":56,"column":84},"end":{"line":70,"column":1}},"line":56},"3":{"name":"(anonymous_3)","decl":{"start":{"line":60,"column":40},"end":{"line":60,"column":41}},"loc":{"start":{"line":60,"column":45},"end":{"line":60,"column":52}},"line":60},"4":{"name":"(anonymous_4)","decl":{"start":{"line":84,"column":65},"end":{"line":84,"column":66}},"loc":{"start":{"line":84,"column":97},"end":{"line":97,"column":1}},"line":84},"5":{"name":"(anonymous_5)","decl":{"start":{"line":88,"column":40},"end":{"line":88,"column":41}},"loc":{"start":{"line":88,"column":45},"end":{"line":88,"column":52}},"line":88},"6":{"name":"(anonymous_6)","decl":{"start":{"line":104,"column":43},"end":{"line":104,"column":44}},"loc":{"start":{"line":104,"column":75},"end":{"line":111,"column":1}},"line":104}},"branchMap":{"0":{"loc":{"start":{"line":59,"column":4},"end":{"line":63,"column":5}},"type":"if","locations":[{"start":{"line":59,"column":4},"end":{"line":63,"column":5}},{"start":{},"end":{}}],"line":59},"1":{"loc":{"start":{"line":87,"column":4},"end":{"line":90,"column":5}},"type":"if","locations":[{"start":{"line":87,"column":4},"end":{"line":90,"column":5}},{"start":{},"end":{}}],"line":87}},"s":{"0":4,"1":4,"2":4,"3":4,"4":4,"5":4,"6":4,"7":4,"8":4,"9":0,"10":0,"11":0,"12":0,"13":0,"14":0,"15":4,"16":0,"17":0,"18":0,"19":0,"20":0,"21":0,"22":0,"23":0,"24":4,"25":0,"26":0,"27":0,"28":0,"29":0,"30":0,"31":0,"32":0,"33":0,"34":0,"35":0,"36":4,"37":0,"38":0,"39":0,"40":0,"41":0,"42":0,"43":0,"44":0,"45":0,"46":4,"47":0,"48":0,"49":0,"50":0,"51":4},"f":{"0":0,"1":0,"2":0,"3":0,"4":0,"5":0,"6":0},"b":{"0":[0,0],"1":[0,0]},"_coverageSchema":"1a1c01bbd47fc00a2c39e90264f33305004495a9","hash":"89599f26ea9f487706440d24b5ec079fe99127f3"}
,"/Users/ramasrinivas/Documents/springboard/rentMySpace/rs_backend/routes/properties.js": {"path":"/Users/ramasrinivas/Documents/springboard/rentMySpace/rs_backend/routes/properties.js","statementMap":{"0":{"start":{"line":5,"column":19},"end":{"line":5,"column":40}},"1":{"start":{"line":6,"column":16},"end":{"line":6,"column":34}},"2":{"start":{"line":8,"column":28},"end":{"line":8,"column":54}},"3":{"start":{"line":9,"column":66},"end":{"line":9,"column":95}},"4":{"start":{"line":10,"column":17},"end":{"line":10,"column":46}},"5":{"start":{"line":11,"column":26},"end":{"line":11,"column":64}},"6":{"start":{"line":12,"column":29},"end":{"line":12,"column":70}},"7":{"start":{"line":13,"column":15},"end":{"line":13,"column":35}},"8":{"start":{"line":22,"column":0},"end":{"line":30,"column":3}},"9":{"start":{"line":23,"column":12},"end":{"line":23,"column":21}},"10":{"start":{"line":24,"column":2},"end":{"line":29,"column":3}},"11":{"start":{"line":25,"column":20},"end":{"line":25,"column":45}},"12":{"start":{"line":26,"column":4},"end":{"line":26,"column":33}},"13":{"start":{"line":28,"column":4},"end":{"line":28,"column":21}},"14":{"start":{"line":42,"column":0},"end":{"line":64,"column":3}},"15":{"start":{"line":43,"column":2},"end":{"line":63,"column":3}},"16":{"start":{"line":44,"column":22},"end":{"line":44,"column":70}},"17":{"start":{"line":45,"column":4},"end":{"line":49,"column":5}},"18":{"start":{"line":46,"column":19},"end":{"line":46,"column":53}},"19":{"start":{"line":46,"column":45},"end":{"line":46,"column":52}},"20":{"start":{"line":47,"column":6},"end":{"line":47,"column":33}},"21":{"start":{"line":48,"column":6},"end":{"line":48,"column":38}},"22":{"start":{"line":51,"column":4},"end":{"line":57,"column":5}},"23":{"start":{"line":52,"column":6},"end":{"line":52,"column":76}},"24":{"start":{"line":54,"column":6},"end":{"line":54,"column":54}},"25":{"start":{"line":55,"column":15},"end":{"line":55,"column":35}},"26":{"start":{"line":56,"column":6},"end":{"line":56,"column":43}},"27":{"start":{"line":61,"column":4},"end":{"line":61,"column":35}},"28":{"start":{"line":62,"column":4},"end":{"line":62,"column":21}},"29":{"start":{"line":72,"column":0},"end":{"line":85,"column":3}},"30":{"start":{"line":73,"column":2},"end":{"line":84,"column":3}},"31":{"start":{"line":74,"column":22},"end":{"line":74,"column":73}},"32":{"start":{"line":75,"column":4},"end":{"line":78,"column":5}},"33":{"start":{"line":76,"column":19},"end":{"line":76,"column":53}},"34":{"start":{"line":76,"column":45},"end":{"line":76,"column":52}},"35":{"start":{"line":77,"column":6},"end":{"line":77,"column":38}},"36":{"start":{"line":80,"column":21},"end":{"line":80,"column":76}},"37":{"start":{"line":81,"column":4},"end":{"line":81,"column":34}},"38":{"start":{"line":83,"column":4},"end":{"line":83,"column":21}},"39":{"start":{"line":92,"column":0},"end":{"line":99,"column":3}},"40":{"start":{"line":93,"column":2},"end":{"line":98,"column":3}},"41":{"start":{"line":94,"column":4},"end":{"line":94,"column":50}},"42":{"start":{"line":95,"column":4},"end":{"line":95,"column":57}},"43":{"start":{"line":97,"column":4},"end":{"line":97,"column":21}},"44":{"start":{"line":106,"column":0},"end":{"line":113,"column":3}},"45":{"start":{"line":107,"column":2},"end":{"line":112,"column":3}},"46":{"start":{"line":108,"column":21},"end":{"line":108,"column":63}},"47":{"start":{"line":109,"column":4},"end":{"line":109,"column":34}},"48":{"start":{"line":111,"column":4},"end":{"line":111,"column":21}},"49":{"start":{"line":120,"column":0},"end":{"line":129,"column":3}},"50":{"start":{"line":121,"column":2},"end":{"line":128,"column":3}},"51":{"start":{"line":122,"column":4},"end":{"line":122,"column":49}},"52":{"start":{"line":123,"column":21},"end":{"line":123,"column":85}},"53":{"start":{"line":124,"column":4},"end":{"line":124,"column":34}},"54":{"start":{"line":126,"column":4},"end":{"line":126,"column":29}},"55":{"start":{"line":127,"column":4},"end":{"line":127,"column":21}},"56":{"start":{"line":131,"column":0},"end":{"line":131,"column":24}}},"fnMap":{"0":{"name":"(anonymous_0)","decl":{"start":{"line":22,"column":16},"end":{"line":22,"column":17}},"loc":{"start":{"line":22,"column":48},"end":{"line":30,"column":1}},"line":22},"1":{"name":"(anonymous_1)","decl":{"start":{"line":42,"column":52},"end":{"line":42,"column":53}},"loc":{"start":{"line":42,"column":84},"end":{"line":64,"column":1}},"line":42},"2":{"name":"(anonymous_2)","decl":{"start":{"line":46,"column":40},"end":{"line":46,"column":41}},"loc":{"start":{"line":46,"column":45},"end":{"line":46,"column":52}},"line":46},"3":{"name":"(anonymous_3)","decl":{"start":{"line":72,"column":66},"end":{"line":72,"column":67}},"loc":{"start":{"line":72,"column":98},"end":{"line":85,"column":1}},"line":72},"4":{"name":"(anonymous_4)","decl":{"start":{"line":76,"column":40},"end":{"line":76,"column":41}},"loc":{"start":{"line":76,"column":45},"end":{"line":76,"column":52}},"line":76},"5":{"name":"(anonymous_5)","decl":{"start":{"line":92,"column":44},"end":{"line":92,"column":45}},"loc":{"start":{"line":92,"column":76},"end":{"line":99,"column":1}},"line":92},"6":{"name":"(anonymous_6)","decl":{"start":{"line":106,"column":28},"end":{"line":106,"column":29}},"loc":{"start":{"line":106,"column":60},"end":{"line":113,"column":1}},"line":106},"7":{"name":"(anonymous_7)","decl":{"start":{"line":120,"column":45},"end":{"line":120,"column":46}},"loc":{"start":{"line":120,"column":77},"end":{"line":129,"column":1}},"line":120}},"branchMap":{"0":{"loc":{"start":{"line":45,"column":4},"end":{"line":49,"column":5}},"type":"if","locations":[{"start":{"line":45,"column":4},"end":{"line":49,"column":5}},{"start":{},"end":{}}],"line":45},"1":{"loc":{"start":{"line":51,"column":4},"end":{"line":57,"column":5}},"type":"if","locations":[{"start":{"line":51,"column":4},"end":{"line":57,"column":5}},{"start":{"line":53,"column":11},"end":{"line":57,"column":5}}],"line":51},"2":{"loc":{"start":{"line":75,"column":4},"end":{"line":78,"column":5}},"type":"if","locations":[{"start":{"line":75,"column":4},"end":{"line":78,"column":5}},{"start":{},"end":{}}],"line":75}},"s":{"0":4,"1":4,"2":4,"3":4,"4":4,"5":4,"6":4,"7":4,"8":4,"9":0,"10":0,"11":0,"12":0,"13":0,"14":4,"15":1,"16":1,"17":1,"18":0,"19":0,"20":0,"21":0,"22":1,"23":0,"24":1,"25":1,"26":1,"27":0,"28":0,"29":4,"30":0,"31":0,"32":0,"33":0,"34":0,"35":0,"36":0,"37":0,"38":0,"39":4,"40":0,"41":0,"42":0,"43":0,"44":4,"45":0,"46":0,"47":0,"48":0,"49":4,"50":0,"51":0,"52":0,"53":0,"54":0,"55":0,"56":4},"f":{"0":0,"1":1,"2":0,"3":0,"4":0,"5":0,"6":0,"7":0},"b":{"0":[0,1],"1":[0,1],"2":[0,0]},"_coverageSchema":"1a1c01bbd47fc00a2c39e90264f33305004495a9","hash":"cdfa4709aff38d59f8287e3bc66b58c656f0b85d"}
,"/Users/ramasrinivas/Documents/springboard/rentMySpace/rs_backend/routes/testCommon.js": {"path":"/Users/ramasrinivas/Documents/springboard/rentMySpace/rs_backend/routes/testCommon.js","statementMap":{"0":{"start":{"line":3,"column":11},"end":{"line":3,"column":30}},"1":{"start":{"line":4,"column":13},"end":{"line":4,"column":38}},"2":{"start":{"line":5,"column":16},"end":{"line":5,"column":45}},"3":{"start":{"line":6,"column":12},"end":{"line":6,"column":40}},"4":{"start":{"line":7,"column":24},"end":{"line":7,"column":52}},"5":{"start":{"line":9,"column":19},"end":{"line":9,"column":21}},"6":{"start":{"line":13,"column":2},"end":{"line":13,"column":38}},"7":{"start":{"line":15,"column":2},"end":{"line":15,"column":43}},"8":{"start":{"line":18,"column":2},"end":{"line":25,"column":5}},"9":{"start":{"line":26,"column":2},"end":{"line":33,"column":5}},"10":{"start":{"line":34,"column":2},"end":{"line":41,"column":5}},"11":{"start":{"line":47,"column":2},"end":{"line":47,"column":26}},"12":{"start":{"line":51,"column":2},"end":{"line":51,"column":29}},"13":{"start":{"line":55,"column":2},"end":{"line":55,"column":17}},"14":{"start":{"line":59,"column":16},"end":{"line":59,"column":63}},"15":{"start":{"line":60,"column":16},"end":{"line":60,"column":63}},"16":{"start":{"line":61,"column":19},"end":{"line":61,"column":68}},"17":{"start":{"line":64,"column":0},"end":{"line":73,"column":2}}},"fnMap":{"0":{"name":"commonBeforeAll","decl":{"start":{"line":11,"column":15},"end":{"line":11,"column":30}},"loc":{"start":{"line":11,"column":33},"end":{"line":44,"column":1}},"line":11},"1":{"name":"commonBeforeEach","decl":{"start":{"line":46,"column":15},"end":{"line":46,"column":31}},"loc":{"start":{"line":46,"column":34},"end":{"line":48,"column":1}},"line":46},"2":{"name":"commonAfterEach","decl":{"start":{"line":50,"column":15},"end":{"line":50,"column":30}},"loc":{"start":{"line":50,"column":33},"end":{"line":52,"column":1}},"line":50},"3":{"name":"commonAfterAll","decl":{"start":{"line":54,"column":15},"end":{"line":54,"column":29}},"loc":{"start":{"line":54,"column":32},"end":{"line":56,"column":1}},"line":54}},"branchMap":{},"s":{"0":1,"1":1,"2":1,"3":1,"4":1,"5":1,"6":1,"7":1,"8":1,"9":1,"10":1,"11":2,"12":2,"13":1,"14":1,"15":1,"16":1,"17":1},"f":{"0":1,"1":2,"2":2,"3":1},"b":{},"_coverageSchema":"1a1c01bbd47fc00a2c39e90264f33305004495a9","hash":"e57d06e2e9d7086ad24f14274fa4f769898e37a6"}
,"/Users/ramasrinivas/Documents/springboard/rentMySpace/rs_backend/routes/upload.js": {"path":"/Users/ramasrinivas/Documents/springboard/rentMySpace/rs_backend/routes/upload.js","statementMap":{"0":{"start":{"line":5,"column":19},"end":{"line":5,"column":40}},"1":{"start":{"line":6,"column":16},"end":{"line":6,"column":34}},"2":{"start":{"line":7,"column":28},"end":{"line":7,"column":54}},"3":{"start":{"line":8,"column":17},"end":{"line":8,"column":46}},"4":{"start":{"line":10,"column":15},"end":{"line":10,"column":35}},"5":{"start":{"line":18,"column":0},"end":{"line":55,"column":3}},"6":{"start":{"line":19,"column":2},"end":{"line":53,"column":3}},"7":{"start":{"line":21,"column":24},"end":{"line":21,"column":46}},"8":{"start":{"line":22,"column":4},"end":{"line":22,"column":44}},"9":{"start":{"line":24,"column":2},"end":{"line":26,"column":3}},"10":{"start":{"line":25,"column":4},"end":{"line":25,"column":61}},"11":{"start":{"line":28,"column":15},"end":{"line":28,"column":29}},"12":{"start":{"line":30,"column":2},"end":{"line":30,"column":20}},"13":{"start":{"line":31,"column":2},"end":{"line":31,"column":39}},"14":{"start":{"line":34,"column":4},"end":{"line":42,"column":7}},"15":{"start":{"line":35,"column":6},"end":{"line":40,"column":7}},"16":{"start":{"line":36,"column":8},"end":{"line":36,"column":27}},"17":{"start":{"line":38,"column":8},"end":{"line":38,"column":25}},"18":{"start":{"line":41,"column":6},"end":{"line":41,"column":75}},"19":{"start":{"line":44,"column":2},"end":{"line":44,"column":13}},"20":{"start":{"line":47,"column":11},"end":{"line":47,"column":62}},"21":{"start":{"line":49,"column":2},"end":{"line":49,"column":14}},"22":{"start":{"line":52,"column":4},"end":{"line":52,"column":21}},"23":{"start":{"line":57,"column":0},"end":{"line":57,"column":24}}},"fnMap":{"0":{"name":"(anonymous_0)","decl":{"start":{"line":18,"column":29},"end":{"line":18,"column":30}},"loc":{"start":{"line":18,"column":61},"end":{"line":55,"column":1}},"line":18},"1":{"name":"moveFile","decl":{"start":{"line":33,"column":17},"end":{"line":33,"column":25}},"loc":{"start":{"line":33,"column":27},"end":{"line":43,"column":3}},"line":33},"2":{"name":"(anonymous_2)","decl":{"start":{"line":34,"column":57},"end":{"line":34,"column":58}},"loc":{"start":{"line":34,"column":64},"end":{"line":42,"column":5}},"line":34},"3":{"name":"uploadUrl","decl":{"start":{"line":46,"column":17},"end":{"line":46,"column":26}},"loc":{"start":{"line":46,"column":28},"end":{"line":48,"column":3}},"line":46}},"branchMap":{"0":{"loc":{"start":{"line":24,"column":2},"end":{"line":26,"column":3}},"type":"if","locations":[{"start":{"line":24,"column":2},"end":{"line":26,"column":3}},{"start":{},"end":{}}],"line":24},"1":{"loc":{"start":{"line":35,"column":6},"end":{"line":40,"column":7}},"type":"if","locations":[{"start":{"line":35,"column":6},"end":{"line":40,"column":7}},{"start":{},"end":{}}],"line":35}},"s":{"0":4,"1":4,"2":4,"3":4,"4":4,"5":4,"6":0,"7":0,"8":0,"9":0,"10":0,"11":0,"12":0,"13":0,"14":0,"15":0,"16":0,"17":0,"18":0,"19":0,"20":0,"21":0,"22":0,"23":4},"f":{"0":0,"1":0,"2":0,"3":0},"b":{"0":[0,0],"1":[0,0]},"_coverageSchema":"1a1c01bbd47fc00a2c39e90264f33305004495a9","hash":"d8c7e7bef4c76b62f3b60dbf62d47204d08cb382"}
,"/Users/ramasrinivas/Documents/springboard/rentMySpace/rs_backend/routes/users.js": {"path":"/Users/ramasrinivas/Documents/springboard/rentMySpace/rs_backend/routes/users.js","statementMap":{"0":{"start":{"line":5,"column":19},"end":{"line":5,"column":40}},"1":{"start":{"line":7,"column":16},"end":{"line":7,"column":34}},"2":{"start":{"line":8,"column":50},"end":{"line":8,"column":79}},"3":{"start":{"line":9,"column":28},"end":{"line":9,"column":54}},"4":{"start":{"line":10,"column":13},"end":{"line":10,"column":38}},"5":{"start":{"line":11,"column":24},"end":{"line":11,"column":52}},"6":{"start":{"line":12,"column":22},"end":{"line":12,"column":56}},"7":{"start":{"line":15,"column":15},"end":{"line":15,"column":31}},"8":{"start":{"line":30,"column":0},"end":{"line":45,"column":3}},"9":{"start":{"line":31,"column":2},"end":{"line":44,"column":3}},"10":{"start":{"line":32,"column":22},"end":{"line":32,"column":66}},"11":{"start":{"line":33,"column":4},"end":{"line":36,"column":5}},"12":{"start":{"line":34,"column":19},"end":{"line":34,"column":53}},"13":{"start":{"line":34,"column":45},"end":{"line":34,"column":52}},"14":{"start":{"line":35,"column":6},"end":{"line":35,"column":38}},"15":{"start":{"line":38,"column":17},"end":{"line":38,"column":46}},"16":{"start":{"line":39,"column":18},"end":{"line":39,"column":35}},"17":{"start":{"line":40,"column":4},"end":{"line":40,"column":49}},"18":{"start":{"line":42,"column":4},"end":{"line":42,"column":31}},"19":{"start":{"line":43,"column":4},"end":{"line":43,"column":21}},"20":{"start":{"line":47,"column":0},"end":{"line":47,"column":24}}},"fnMap":{"0":{"name":"(anonymous_0)","decl":{"start":{"line":30,"column":17},"end":{"line":30,"column":18}},"loc":{"start":{"line":30,"column":49},"end":{"line":45,"column":1}},"line":30},"1":{"name":"(anonymous_1)","decl":{"start":{"line":34,"column":40},"end":{"line":34,"column":41}},"loc":{"start":{"line":34,"column":45},"end":{"line":34,"column":52}},"line":34}},"branchMap":{"0":{"loc":{"start":{"line":33,"column":4},"end":{"line":36,"column":5}},"type":"if","locations":[{"start":{"line":33,"column":4},"end":{"line":36,"column":5}},{"start":{},"end":{}}],"line":33}},"s":{"0":4,"1":4,"2":4,"3":4,"4":4,"5":4,"6":4,"7":4,"8":4,"9":2,"10":2,"11":2,"12":0,"13":0,"14":0,"15":2,"16":2,"17":2,"18":0,"19":0,"20":4},"f":{"0":2,"1":0},"b":{"0":[0,2]},"_coverageSchema":"1a1c01bbd47fc00a2c39e90264f33305004495a9","hash":"50dce0fa4d4f4679e6a6ec69970dc64cb5cf4580"}
}
