TN:
SF:app.js
FN:41,(anonymous_0)
FN:46,(anonymous_1)
FNF:2
FNH:2
FNDA:2,(anonymous_0)
FNDA:8,(anonymous_1)
DA:5,4
DA:6,4
DA:7,4
DA:9,4
DA:11,4
DA:12,4
DA:13,4
DA:14,4
DA:15,4
DA:16,4
DA:19,4
DA:21,4
DA:23,4
DA:24,4
DA:25,4
DA:26,4
DA:29,4
DA:30,4
DA:32,4
DA:33,4
DA:34,4
DA:35,4
DA:36,4
DA:37,4
DA:41,4
DA:42,2
DA:46,4
DA:47,8
DA:48,8
DA:49,8
DA:50,8
DA:51,8
DA:53,8
DA:58,4
LF:34
LH:34
BRDA:47,0,0,0
BRDA:47,0,1,8
BRDA:48,1,0,8
BRDA:48,1,1,1
BRF:4
BRH:3
end_of_record
TN:
SF:config.js
FN:13,getDatabaseUri
FNF:1
FNH:1
FNDA:8,getDatabaseUri
DA:5,4
DA:6,4
DA:8,4
DA:10,4
DA:14,8
DA:22,4
DA:24,4
DA:25,4
DA:26,4
DA:27,4
DA:28,4
DA:29,4
DA:31,4
LF:13
LH:13
BRDA:8,0,0,4
BRDA:8,0,1,4
BRDA:10,1,0,4
BRDA:10,1,1,4
BRDA:14,2,0,8
BRDA:14,2,1,0
BRDA:16,3,0,0
BRDA:16,3,1,0
BRDA:22,4,0,4
BRDA:22,4,1,0
BRF:10
BRH:6
end_of_record
TN:
SF:db.js
FNF:0
FNH:0
DA:3,4
DA:4,4
DA:8,4
DA:9,0
DA:16,4
DA:21,4
DA:23,4
LF:7
LH:6
BRDA:8,0,0,0
BRDA:8,0,1,4
BRF:2
BRH:1
end_of_record
TN:
SF:expressError.js
FN:8,(anonymous_0)
FN:18,(anonymous_1)
FN:26,(anonymous_2)
FN:34,(anonymous_3)
FN:42,(anonymous_4)
FNF:5
FNH:3
FNDA:7,(anonymous_0)
FNDA:2,(anonymous_1)
FNDA:0,(anonymous_2)
FNDA:5,(anonymous_3)
FNDA:0,(anonymous_4)
DA:9,7
DA:10,7
DA:11,7
DA:19,2
DA:27,0
DA:35,5
DA:43,0
DA:47,4
LF:8
LH:6
BRDA:18,0,0,2
BRDA:26,1,0,0
BRDA:34,2,0,0
BRDA:42,3,0,0
BRF:4
BRH:1
end_of_record
TN:
SF:helpers/sql.js
FN:20,sqlForPartialUpdate
FN:25,(anonymous_1)
FNF:2
FNH:0
FNDA:0,sqlForPartialUpdate
FNDA:0,(anonymous_1)
DA:1,4
DA:21,0
DA:22,0
DA:25,0
DA:26,0
DA:28,0
DA:34,4
LF:7
LH:2
BRDA:22,0,0,0
BRDA:22,0,1,0
BRF:2
BRH:0
end_of_record
TN:
SF:helpers/tokens.js
FN:6,createToken
FNF:1
FNH:1
FNDA:12,createToken
DA:1,4
DA:2,4
DA:7,12
DA:10,12
DA:15,12
DA:18,4
LF:6
LH:6
BRDA:12,0,0,12
BRDA:12,0,1,7
BRF:2
BRH:2
end_of_record
TN:
SF:middleware/auth.js
FN:18,authenticateJWT
FN:39,ensureLoggedIn
FN:54,ensureAdmin
FN:71,ensureCorrectUserOrAdmin
FNF:4
FNH:2
FNDA:15,authenticateJWT
FNDA:0,ensureLoggedIn
FNDA:0,ensureAdmin
FNDA:1,ensureCorrectUserOrAdmin
DA:5,4
DA:6,4
DA:7,4
DA:19,15
DA:21,15
DA:22,15
DA:23,15
DA:24,15
DA:25,3
DA:26,3
DA:28,15
DA:30,0
DA:40,0
DA:41,0
DA:42,0
DA:44,0
DA:55,0
DA:56,0
DA:57,0
DA:59,0
DA:61,0
DA:72,1
DA:73,1
DA:74,1
DA:75,1
DA:76,0
DA:78,1
DA:80,0
DA:84,4
LF:29
LH:17
BRDA:22,0,0,15
BRDA:22,0,1,15
BRDA:24,1,0,3
BRDA:24,1,1,12
BRDA:41,2,0,0
BRDA:41,2,1,0
BRDA:56,3,0,0
BRDA:56,3,1,0
BRDA:56,4,0,0
BRDA:56,4,1,0
BRDA:75,5,0,0
BRDA:75,5,1,1
BRDA:75,6,0,1
BRDA:75,6,1,1
BRDA:75,6,2,0
BRF:15
BRH:7
end_of_record
TN:
SF:models/booking.js
FN:19,(anonymous_0)
FN:44,(anonymous_1)
FN:67,(anonymous_2)
FN:81,(anonymous_3)
FN:114,(anonymous_4)
FN:144,(anonymous_5)
FNF:6
FNH:0
FNDA:0,(anonymous_0)
FNDA:0,(anonymous_1)
FNDA:0,(anonymous_2)
FNDA:0,(anonymous_3)
FNDA:0,(anonymous_4)
FNDA:0,(anonymous_5)
DA:3,4
DA:4,4
DA:5,4
DA:20,0
DA:21,0
DA:34,0
DA:35,0
DA:45,0
DA:46,0
DA:48,0
DA:50,0
DA:51,0
DA:53,0
DA:54,0
DA:56,0
DA:58,0
DA:59,0
DA:68,0
DA:74,0
DA:76,0
DA:77,0
DA:84,0
DA:93,0
DA:94,0
DA:96,0
DA:97,0
DA:99,0
DA:100,0
DA:116,0
DA:118,0
DA:120,0
DA:131,0
DA:132,0
DA:134,0
DA:136,0
DA:145,0
DA:146,0
DA:153,0
DA:155,0
DA:160,4
LF:40
LH:4
BRDA:44,0,0,0
BRDA:50,1,0,0
BRDA:50,1,1,0
BRDA:53,2,0,0
BRDA:53,2,1,0
BRDA:76,3,0,0
BRDA:76,3,1,0
BRDA:99,4,0,0
BRDA:99,4,1,0
BRDA:134,5,0,0
BRDA:134,5,1,0
BRDA:155,6,0,0
BRDA:155,6,1,0
BRF:13
BRH:0
end_of_record
TN:
SF:models/property.js
FN:19,(anonymous_0)
FN:50,(anonymous_1)
FN:61,updateUrl
FN:84,(anonymous_3)
FN:108,(anonymous_4)
FN:141,(anonymous_5)
FN:171,(anonymous_6)
FN:193,(anonymous_7)
FN:207,(anonymous_8)
FNF:9
FNH:1
FNDA:1,(anonymous_0)
FNDA:0,(anonymous_1)
FNDA:0,updateUrl
FNDA:0,(anonymous_3)
FNDA:0,(anonymous_4)
FNDA:0,(anonymous_5)
FNDA:0,(anonymous_6)
FNDA:0,(anonymous_7)
FNDA:0,(anonymous_8)
DA:3,4
DA:4,4
DA:5,4
DA:22,1
DA:38,1
DA:40,1
DA:45,1
DA:46,1
DA:48,0
DA:49,0
DA:50,0
DA:51,0
DA:53,0
DA:56,0
DA:57,0
DA:62,0
DA:64,0
DA:67,1
DA:68,1
DA:85,0
DA:87,0
DA:89,0
DA:91,0
DA:92,0
DA:94,0
DA:96,0
DA:97,0
DA:109,0
DA:124,0
DA:126,0
DA:127,0
DA:143,0
DA:144,0
DA:147,0
DA:160,0
DA:161,0
DA:163,0
DA:165,0
DA:172,0
DA:174,0
DA:176,0
DA:177,0
DA:178,0
DA:179,0
DA:180,0
DA:182,0
DA:184,0
DA:194,0
DA:195,0
DA:202,0
DA:204,0
DA:209,0
DA:219,0
DA:220,0
DA:222,0
DA:223,0
DA:228,4
LF:57
LH:11
BRDA:19,0,0,1
BRDA:45,1,0,1
BRDA:45,1,1,0
BRDA:51,2,0,0
BRDA:51,2,1,0
BRDA:84,3,0,0
BRDA:91,4,0,0
BRDA:91,4,1,0
BRDA:126,5,0,0
BRDA:126,5,1,0
BRDA:163,6,0,0
BRDA:163,6,1,0
BRDA:182,7,0,0
BRDA:182,7,1,0
BRDA:204,8,0,0
BRDA:204,8,1,0
BRDA:222,9,0,0
BRDA:222,9,1,0
BRF:18
BRH:2
end_of_record
TN:
SF:models/user.js
FN:24,(anonymous_0)
FN:60,(anonymous_1)
FNF:2
FNH:2
FNDA:3,(anonymous_0)
FNDA:10,(anonymous_1)
DA:3,4
DA:4,4
DA:5,4
DA:10,4
DA:12,4
DA:26,3
DA:38,3
DA:39,3
DA:41,2
DA:43,2
DA:44,2
DA:45,2
DA:46,2
DA:50,0
DA:62,10
DA:69,10
DA:70,0
DA:73,10
DA:75,10
DA:95,10
DA:96,10
DA:98,10
DA:102,4
LF:23
LH:21
BRDA:41,0,0,2
BRDA:41,0,1,0
BRDA:44,1,0,2
BRDA:44,1,1,0
BRDA:69,2,0,0
BRDA:69,2,1,10
BRF:6
BRH:3
end_of_record
TN:
SF:routes/auth.js
FN:22,(anonymous_0)
FN:26,(anonymous_1)
FN:49,(anonymous_2)
FN:53,(anonymous_3)
FNF:4
FNH:4
FNDA:6,(anonymous_0)
FNDA:3,(anonymous_1)
FNDA:4,(anonymous_2)
FNDA:5,(anonymous_3)
DA:5,4
DA:7,4
DA:8,4
DA:9,4
DA:10,4
DA:11,4
DA:12,4
DA:13,4
DA:22,4
DA:23,6
DA:24,6
DA:25,6
DA:26,3
DA:27,3
DA:30,3
DA:31,3
DA:32,2
DA:33,2
DA:35,4
DA:49,4
DA:50,4
DA:51,4
DA:52,4
DA:53,5
DA:54,2
DA:55,2
DA:58,2
DA:59,2
DA:60,2
DA:62,2
DA:67,4
LF:31
LH:31
BRDA:25,0,0,3
BRDA:25,0,1,3
BRDA:52,1,0,2
BRDA:52,1,1,2
BRF:4
BRH:4
end_of_record
TN:
SF:routes/booking.js
FN:22,(anonymous_0)
FN:34,(anonymous_1)
FN:56,(anonymous_2)
FN:60,(anonymous_3)
FN:84,(anonymous_4)
FN:88,(anonymous_5)
FN:104,(anonymous_6)
FNF:7
FNH:0
FNDA:0,(anonymous_0)
FNDA:0,(anonymous_1)
FNDA:0,(anonymous_2)
FNDA:0,(anonymous_3)
FNDA:0,(anonymous_4)
FNDA:0,(anonymous_5)
FNDA:0,(anonymous_6)
DA:5,4
DA:6,4
DA:8,4
DA:9,4
DA:10,4
DA:11,4
DA:12,4
DA:14,4
DA:22,4
DA:23,0
DA:24,0
DA:26,0
DA:27,0
DA:28,0
DA:30,0
DA:34,4
DA:35,0
DA:36,0
DA:37,0
DA:38,0
DA:39,0
DA:40,0
DA:42,0
DA:43,0
DA:56,4
DA:57,0
DA:58,0
DA:59,0
DA:60,0
DA:61,0
DA:62,0
DA:64,0
DA:65,0
DA:66,0
DA:68,0
DA:84,4
DA:85,0
DA:86,0
DA:87,0
DA:88,0
DA:89,0
DA:92,0
DA:93,0
DA:95,0
DA:104,4
DA:105,0
DA:106,0
DA:107,0
DA:109,0
DA:113,4
LF:50
LH:14
BRDA:59,0,0,0
BRDA:59,0,1,0
BRDA:87,1,0,0
BRDA:87,1,1,0
BRF:4
BRH:0
end_of_record
TN:
SF:routes/properties.js
FN:22,(anonymous_0)
FN:42,(anonymous_1)
FN:46,(anonymous_2)
FN:72,(anonymous_3)
FN:76,(anonymous_4)
FN:92,(anonymous_5)
FN:106,(anonymous_6)
FN:120,(anonymous_7)
FNF:8
FNH:1
FNDA:0,(anonymous_0)
FNDA:1,(anonymous_1)
FNDA:0,(anonymous_2)
FNDA:0,(anonymous_3)
FNDA:0,(anonymous_4)
FNDA:0,(anonymous_5)
FNDA:0,(anonymous_6)
FNDA:0,(anonymous_7)
DA:5,4
DA:6,4
DA:8,4
DA:9,4
DA:10,4
DA:11,4
DA:12,4
DA:13,4
DA:22,4
DA:23,0
DA:24,0
DA:25,0
DA:26,0
DA:28,0
DA:42,4
DA:43,1
DA:44,1
DA:45,1
DA:46,0
DA:47,0
DA:48,0
DA:51,1
DA:52,0
DA:54,1
DA:55,1
DA:56,1
DA:61,0
DA:62,0
DA:72,4
DA:73,0
DA:74,0
DA:75,0
DA:76,0
DA:77,0
DA:80,0
DA:81,0
DA:83,0
DA:92,4
DA:93,0
DA:94,0
DA:95,0
DA:97,0
DA:106,4
DA:107,0
DA:108,0
DA:109,0
DA:111,0
DA:120,4
DA:121,0
DA:122,0
DA:123,0
DA:124,0
DA:126,0
DA:127,0
DA:131,4
LF:55
LH:22
BRDA:45,0,0,0
BRDA:45,0,1,1
BRDA:51,1,0,0
BRDA:51,1,1,1
BRDA:75,2,0,0
BRDA:75,2,1,0
BRF:6
BRH:2
end_of_record
TN:
SF:routes/testCommon.js
FN:11,commonBeforeAll
FN:46,commonBeforeEach
FN:50,commonAfterEach
FN:54,commonAfterAll
FNF:4
FNH:4
FNDA:1,commonBeforeAll
FNDA:2,commonBeforeEach
FNDA:2,commonAfterEach
FNDA:1,commonAfterAll
DA:3,1
DA:4,1
DA:5,1
DA:6,1
DA:7,1
DA:9,1
DA:13,1
DA:15,1
DA:18,1
DA:26,1
DA:34,1
DA:47,2
DA:51,2
DA:55,1
DA:59,1
DA:60,1
DA:61,1
DA:64,1
LF:18
LH:18
BRF:0
BRH:0
end_of_record
TN:
SF:routes/upload.js
FN:18,(anonymous_0)
FN:33,moveFile
FN:34,(anonymous_2)
FN:46,uploadUrl
FNF:4
FNH:0
FNDA:0,(anonymous_0)
FNDA:0,moveFile
FNDA:0,(anonymous_2)
FNDA:0,uploadUrl
DA:5,4
DA:6,4
DA:7,4
DA:8,4
DA:10,4
DA:18,4
DA:19,0
DA:21,0
DA:22,0
DA:24,0
DA:25,0
DA:28,0
DA:30,0
DA:31,0
DA:34,0
DA:35,0
DA:36,0
DA:38,0
DA:41,0
DA:44,0
DA:47,0
DA:49,0
DA:52,0
DA:57,4
LF:24
LH:7
BRDA:24,0,0,0
BRDA:24,0,1,0
BRDA:35,1,0,0
BRDA:35,1,1,0
BRF:4
BRH:0
end_of_record
TN:
SF:routes/users.js
FN:30,(anonymous_0)
FN:34,(anonymous_1)
FNF:2
FNH:1
FNDA:2,(anonymous_0)
FNDA:0,(anonymous_1)
DA:5,4
DA:7,4
DA:8,4
DA:9,4
DA:10,4
DA:11,4
DA:12,4
DA:15,4
DA:30,4
DA:31,2
DA:32,2
DA:33,2
DA:34,0
DA:35,0
DA:38,2
DA:39,2
DA:40,2
DA:42,0
DA:43,0
DA:47,4
LF:20
LH:16
BRDA:33,0,0,0
BRDA:33,0,1,2
BRF:2
BRH:1
end_of_record
